
Collecting usage statistics. To deactivate, set browser.gatherUsageStats to false.

2026-04-01 18:48:54.023 | INFO     | app:<module>:65 - Application started
2026-04-01 18:48:54.063 Thread 'MainThread': missing ScriptRunContext! This warning can be ignored when running in bare mode.
2026-04-01 18:48:54.140 
  [33m[1mWarning:[0m to view this Streamlit app on a browser, run it with the following
  command:

    streamlit run /home/ubuntu/chatbot_practice/app.py [ARGUMENTS]
2026-04-01 18:48:54.140 Thread 'MainThread': missing ScriptRunContext! This warning can be ignored when running in bare mode.
2026-04-01 18:48:54.140 Thread 'MainThread': missing ScriptRunContext! This warning can be ignored when running in bare mode.
2026-04-01 18:48:54.140 Thread 'MainThread': missing ScriptRunContext! This warning can be ignored when running in bare mode.
2026-04-01 18:48:54.140 Session state does not function when running a script without `streamlit run`
2026-04-01 18:48:54.156 | INFO     | app:get_connection:119 - Database connected
2026-04-01 18:48:54.158 | INFO     | app:load_chat_history:170 - Chat history loaded from database
2026-04-01 18:48:54.158 Thread 'MainThread': missing ScriptRunContext! This warning can be ignored when running in bare mode.
2026-04-01 18:48:54.158 Thread 'MainThread': missing ScriptRunContext! This warning can be ignored when running in bare mode.
2026-04-01 18:48:54.158 Thread 'MainThread': missing ScriptRunContext! This warning can be ignored when running in bare mode.
2026-04-01 18:48:54.158 Thread 'MainThread': missing ScriptRunContext! This warning can be ignored when running in bare mode.
2026-04-01 18:48:54.158 Thread 'MainThread': missing ScriptRunContext! This warning can be ignored when running in bare mode.
2026-04-01 18:48:54.158 Thread 'MainThread': missing ScriptRunContext! This warning can be ignored when running in bare mode.
2026-04-01 18:48:54.158 Thread 'MainThread': missing ScriptRunContext! This warning can be ignored when running in bare mode.
2026-04-01 18:48:54.158 Thread 'MainThread': missing ScriptRunContext! This warning can be ignored when running in bare mode.
2026-04-01 18:48:54.158 Thread 'MainThread': missing ScriptRunContext! This warning can be ignored when running in bare mode.
2026-04-01 18:48:54.158 Thread 'MainThread': missing ScriptRunContext! This warning can be ignored when running in bare mode.
2026-04-01 18:48:54.158 Thread 'MainThread': missing ScriptRunContext! This warning can be ignored when running in bare mode.
2026-04-01 18:48:54.159 Thread 'MainThread': missing ScriptRunContext! This warning can be ignored when running in bare mode.
2026-04-01 18:48:54.159 Thread 'MainThread': missing ScriptRunContext! This warning can be ignored when running in bare mode.
2026-04-01 18:48:54.159 Thread 'MainThread': missing ScriptRunContext! This warning can be ignored when running in bare mode.
