nohup: ignoring input

Collecting usage statistics. To deactivate, set browser.gatherUsageStats to false.

2026-04-02 08:23:57.568 | INFO     | app:<module>:65 - Application started
2026-04-02 08:23:57.609 Thread 'MainThread': missing ScriptRunContext! This warning can be ignored when running in bare mode.
2026-04-02 08:23:57.686 
  [33m[1mWarning:[0m to view this Streamlit app on a browser, run it with the following
  command:

    streamlit run /home/ubuntu/chatbot_practice/app.py [ARGUMENTS]
2026-04-02 08:23:57.686 Thread 'MainThread': missing ScriptRunContext! This warning can be ignored when running in bare mode.
2026-04-02 08:23:57.686 Thread 'MainThread': missing ScriptRunContext! This warning can be ignored when running in bare mode.
2026-04-02 08:23:57.686 Thread 'MainThread': missing ScriptRunContext! This warning can be ignored when running in bare mode.
2026-04-02 08:23:57.686 Session state does not function when running a script without `streamlit run`
2026-04-02 08:23:57.702 | INFO     | app:get_connection:119 - Database connected
2026-04-02 08:23:57.704 | INFO     | app:load_chat_history:170 - Chat history loaded from database
2026-04-02 08:23:57.704 Thread 'MainThread': missing ScriptRunContext! This warning can be ignored when running in bare mode.
2026-04-02 08:23:57.704 Thread 'MainThread': missing ScriptRunContext! This warning can be ignored when running in bare mode.
2026-04-02 08:23:57.704 Thread 'MainThread': missing ScriptRunContext! This warning can be ignored when running in bare mode.
2026-04-02 08:23:57.704 Thread 'MainThread': missing ScriptRunContext! This warning can be ignored when running in bare mode.
2026-04-02 08:23:57.704 Thread 'MainThread': missing ScriptRunContext! This warning can be ignored when running in bare mode.
2026-04-02 08:23:57.705 Thread 'MainThread': missing ScriptRunContext! This warning can be ignored when running in bare mode.
2026-04-02 08:23:57.705 Thread 'MainThread': missing ScriptRunContext! This warning can be ignored when running in bare mode.
2026-04-02 08:23:57.705 Thread 'MainThread': missing ScriptRunContext! This warning can be ignored when running in bare mode.
2026-04-02 08:23:57.705 Thread 'MainThread': missing ScriptRunContext! This warning can be ignored when running in bare mode.
2026-04-02 08:23:57.705 Thread 'MainThread': missing ScriptRunContext! This warning can be ignored when running in bare mode.
2026-04-02 08:23:57.705 Thread 'MainThread': missing ScriptRunContext! This warning can be ignored when running in bare mode.
2026-04-02 08:23:57.705 Thread 'MainThread': missing ScriptRunContext! This warning can be ignored when running in bare mode.
2026-04-02 08:23:57.705 Thread 'MainThread': missing ScriptRunContext! This warning can be ignored when running in bare mode.
2026-04-02 08:23:57.705 Thread 'MainThread': missing ScriptRunContext! This warning can be ignored when running in bare mode.
